android/app/build (# Name clash 2025-09-22 za4nhoC #)/outputs/logs/manifest-merger-release-report.txt
-- Merging decision tree log ---
manifest
ADDED from src\main\AndroidManifest.xml:2:1-76:12
INJECTED from src\main\AndroidManifest.xml:2:1-76:12
INJECTED from src\main\AndroidManifest.xml:2:1-76:12
INJECTED from src\main\AndroidManifest.xml:2:1-76:12
MERGED from [com.facebook.react:flipper-integration:0.73.0] AndroidManifest.xml:2:1-7:12
MERGED from [:react-native-async-storage_async-storage] AndroidManifest.xml:2:1-7:12
MERGED from [:react-native-ble-advertiser] AndroidManifest.xml:2:1-12:12
MERGED from [:react-native-ble-peripheral] AndroidManifest.xml:2:1-10:12
MERGED from [:react-native-ble-plx] AndroidManifest.xml:2:1-7:12
MERGED from [:react-native-get-random-values] AndroidManifest.xml:2:1-7:12
MERGED from [:react-native-vector-icons] AndroidManifest.xml:2:1-7:12
MERGED from [com.facebook.react:react-android:0.73.0] AndroidManifest.xml:2:1-12:12
MERGED from [com.facebook.fresco:fresco:3.1.3] AndroidManifest.xml:2:1-7:12
MERGED from [com.facebook.fresco:imagepipeline-okhttp3:3.1.3] AndroidManifest.xml:2:1-7:12
MERGED from [com.facebook.fresco:drawee:3.1.3] AndroidManifest.xml:2:1-7:12
MERGED from [com.facebook.fresco:nativeimagefilters:3.1.3] AndroidManifest.xml:2:1-7:12
MERGED from [com.facebook.fresco:memory-type-native:3.1.3] AndroidManifest.xml:2:1-7:12
MERGED from [com.facebook.fresco:memory-type-java:3.1.3] AndroidManifest.xml:2:1-7:12
MERGED from [com.facebook.fresco:imagepipeline-native:3.1.3] AndroidManifest.xml:2:1-7:12
MERGED from [com.facebook.fresco:memory-type-ashmem:3.1.3] AndroidManifest.xml:2:1-7:12
MERGED from [com.facebook.fresco:imagepipeline:3.1.3] AndroidManifest.xml:2:1-7:12
MERGED from [com.facebook.fresco:nativeimagetranscoder:3.1.3] AndroidManifest.xml:2:1-7:12
MERGED from [com.facebook.fresco:imagepipeline-base:3.1.3] AndroidManifest.xml:2:1-7:12
MERGED from [com.facebook.fresco:middleware:3.1.3] AndroidManifest.xml:2:1-7:12
MERGED from [com.facebook.fresco:ui-common:3.1.3] AndroidManifest.xml:2:1-7:12
MERGED from [com.facebook.fresco:soloader:3.1.3] AndroidManifest.xml:2:1-7:12
MERGED from [com.facebook.fresco:fbcore:3.1.3] AndroidManifest.xml:2:1-7:12
MERGED from [androidx.appcompat:appcompat-resources:1.6.1] AndroidManifest.xml:17:1-22:12
MERGED from [androidx.appcompat:appcompat:1.6.1] AndroidManifest.xml:17:1-22:12
MERGED from [androidx.fragment:fragment:1.3.6] AndroidManifest.xml:17:1-24:12
MERGED from [androidx.activity:activity:1.6.0] AndroidManifest.xml:17:1-22:12
MERGED from [androidx.loader:loader:1.0.0] AndroidManifest.xml:17:1-22:12
MERGED from [androidx.lifecycle:lifecycle-viewmodel:2.5.1] AndroidManifest.xml:17:1-24:12
MERGED from [androidx.lifecycle:lifecycle-viewmodel-savedstate:2.5.1] AndroidManifest.xml:17:1-24:12
MERGED from [com.facebook.react:hermes-android:0.73.0] AndroidManifest.xml:2:1-7:12
MERGED from [androidx.savedstate:savedstate:1.2.0] AndroidManifest.xml:17:1-24:12
MERGED from [androidx.swiperefreshlayout:swiperefreshlayout:1.1.0] AndroidManifest.xml:17:1-24:12
MERGED from [androidx.emoji2:emoji2-views-helper:1.2.0] AndroidManifest.xml:2:1-7:12
MERGED from [androidx.emoji2:emoji2:1.2.0] AndroidManifest.xml:17:1-35:12
MERGED from [androidx.lifecycle:lifecycle-process:2.4.1] AndroidManifest.xml:17:1-37:12
MERGED from [androidx.startup:startup-runtime:1.1.1] AndroidManifest.xml:17:1-33:12
MERGED from [androidx.tracing:tracing:1.1.0] AndroidManifest.xml:17:1-24:12
MERGED from [com.polidea.rxandroidble2:rxandroidble:1.17.2] AndroidManifest.xml:2:1-27:12
MERGED from [androidx.autofill:autofill:1.1.0] AndroidManifest.xml:17:1-24:12
MERGED from [androidx.drawerlayout:drawerlayout:1.0.0] AndroidManifest.xml:17:1-22:12
MERGED from [androidx.vectordrawable:vectordrawable-animated:1.1.0] AndroidManifest.xml:17:1-24:12
MERGED from [androidx.vectordrawable:vectordrawable:1.1.0] AndroidManifest.xml:17:1-24:12
MERGED from [androidx.core:core-ktx:1.9.0] AndroidManifest.xml:2:1-7:12
MERGED from [androidx.viewpager:viewpager:1.0.0] AndroidManifest.xml:17:1-22:12
MERGED from [androidx.customview:customview:1.0.0] AndroidManifest.xml:17:1-22:12
MERGED from [androidx.core:core:1.9.0] AndroidManifest.xml:17:1-30:12
MERGED from [androidx.cursoradapter:cursoradapter:1.0.0] AndroidManifest.xml:17:1-22:12
MERGED from [androidx.lifecycle:lifecycle-runtime:2.5.1] AndroidManifest.xml:17:1-24:12
MERGED from [androidx.interpolator:interpolator:1.0.0] AndroidManifest.xml:17:1-22:12
MERGED from [androidx.versionedparcelable:versionedparcelable:1.1.1] AndroidManifest.xml:17:1-27:12
MERGED from [androidx.lifecycle:lifecycle-livedata:2.0.0] AndroidManifest.xml:17:1-22:12
MERGED from [androidx.lifecycle:lifecycle-livedata-core:2.5.1] AndroidManifest.xml:17:1-24:12
MERGED from [androidx.arch.core:core-runtime:2.1.0] AndroidManifest.xml:17:1-24:12
MERGED from [androidx.annotation:annotation-experimental:1.3.0] AndroidManifest.xml:17:1-22:12
MERGED from [com.facebook.fbjni:fbjni:0.5.1] AndroidManifest.xml:2:1-7:12
MERGED from [com.facebook.soloader:soloader:0.10.5] AndroidManifest.xml:2:1-17:12
	package
		INJECTED from src\main\AndroidManifest.xml
	android:versionName
		INJECTED from src\main\AndroidManifest.xml
	xmlns:tools
		ADDED from src\main\AndroidManifest.xml:3:5-51
	android:versionCode
		INJECTED from src\main\AndroidManifest.xml
	xmlns:android
		ADDED from src\main\AndroidManifest.xml:2:11-69
uses-permission#android.permission.BLUETOOTH
ADDED from src\main\AndroidManifest.xml:6:5-68
MERGED from [:react-native-ble-advertiser] AndroidManifest.xml:7:5-68
MERGED from [:react-native-ble-advertiser] AndroidManifest.xml:7:5-68
MERGED from [:react-native-ble-peripheral] AndroidManifest.xml:7:5-68
MERGED from [:react-native-ble-peripheral] AndroidManifest.xml:7:5-68
MERGED from [com.polidea.rxandroidble2:rxandroidble:1.17.2] AndroidManifest.xml:10:5-12:38
MERGED from [com.polidea.rxandroidble2:rxandroidble:1.17.2] AndroidManifest.xml:10:5-12:38
	android:maxSdkVersion
		ADDED from [com.polidea.rxandroidble2:rxandroidble:1.17.2] AndroidManifest.xml:12:9-35
	android:name
		ADDED from src\main\AndroidManifest.xml:6:22-65
uses-permission#android.permission.BLUETOOTH_ADMIN
ADDED from src\main\AndroidManifest.xml:7:5-74
MERGED from [:react-native-ble-advertiser] AndroidManifest.xml:8:5-74
MERGED from [:react-native-ble-advertiser] AndroidManifest.xml:8:5-74
MERGED from [:react-native-ble-peripheral] AndroidManifest.xml:8:5-74
MERGED from [:react-native-ble-peripheral] AndroidManifest.xml:8:5-74
MERGED from [com.polidea.rxandroidble2:rxandroidble:1.17.2] AndroidManifest.xml:13:5-15:38
MERGED from [com.polidea.rxandroidble2:rxandroidble:1.17.2] AndroidManifest.xml:13:5-15:38
	android:maxSdkVersion
		ADDED from [com.polidea.rxandroidble2:rxandroidble:1.17.2] AndroidManifest.xml:15:9-35
	android:name
		ADDED from src\main\AndroidManifest.xml:7:22-71
uses-permission#android.permission.BLUETOOTH_SCAN
ADDED from src\main\AndroidManifest.xml:10:5-73
MERGED from [com.polidea.rxandroidble2:rxandroidble:1.17.2] AndroidManifest.xml:22:5-25:31
MERGED from [com.polidea.rxandroidble2:rxandroidble:1.17.2] AndroidManifest.xml:22:5-25:31
	android:usesPermissionFlags
		ADDED from [com.polidea.rxandroidble2:rxandroidble:1.17.2] AndroidManifest.xml:24:9-55
	tools:targetApi
		ADDED from [com.polidea.rxandroidble2:rxandroidble:1.17.2] AndroidManifest.xml:25:9-28
	android:name
		ADDED from src\main\AndroidManifest.xml:10:22-70
uses-permission#android.permission.BLUETOOTH_ADVERTISE
ADDED from src\main\AndroidManifest.xml:11:5-78
	android:name
		ADDED from src\main\AndroidManifest.xml:11:22-75
uses-permission#android.permission.BLUETOOTH_CONNECT
ADDED from src\main\AndroidManifest.xml:12:5-76
MERGED from [com.polidea.rxandroidble2:rxandroidble:1.17.2] AndroidManifest.xml:21:5-76
MERGED from [com.polidea.rxandroidble2:rxandroidble:1.17.2] AndroidManifest.xml:21:5-76
	android:name
		ADDED from src\main\AndroidManifest.xml:12:22-73
uses-permission#android.permission.ACCESS_COARSE_LOCATION
ADDED from src\main\AndroidManifest.xml:15:5-81
MERGED from [:react-native-ble-advertiser] AndroidManifest.xml:9:5-81
MERGED from [:react-native-ble-advertiser] AndroidManifest.xml:9:5-81
	android:name
		ADDED from src\main\AndroidManifest.xml:15:22-78
uses-permission#android.permission.ACCESS_FINE_LOCATION
ADDED from src\main\AndroidManifest.xml:16:5-79
MERGED from [:react-native-ble-advertiser] AndroidManifest.xml:10:5-79
MERGED from [:react-native-ble-advertiser] AndroidManifest.xml:10:5-79
	android:name
		ADDED from src\main\AndroidManifest.xml:16:22-76
uses-permission#android.permission.ACCESS_BACKGROUND_LOCATION
ADDED from src\main\AndroidManifest.xml:19:5-85
	android:name
		ADDED from src\main\AndroidManifest.xml:19:22-82
uses-permission#android.permission.WAKE_LOCK
ADDED from src\main\AndroidManifest.xml:22:5-68
	android:name
		ADDED from src\main\AndroidManifest.xml:22:22-65
uses-permission#android.permission.FOREGROUND_SERVICE
ADDED from src\main\AndroidManifest.xml:25:5-77
	android:name
		ADDED from src\main\AndroidManifest.xml:25:22-74
uses-permission#android.permission.VIBRATE
ADDED from src\main\AndroidManifest.xml:28:5-66
	android:name
		ADDED from src\main\AndroidManifest.xml:28:22-63
uses-feature#android.hardware.bluetooth
ADDED from src\main\AndroidManifest.xml:31:5-33:35
	android:required
		ADDED from src\main\AndroidManifest.xml:33:9-32
	android:name
		ADDED from src\main\AndroidManifest.xml:32:9-50
uses-feature#android.hardware.bluetooth_le
ADDED from src\main\AndroidManifest.xml:34:5-36:35
	android:required
		ADDED from src\main\AndroidManifest.xml:36:9-32
	android:name
		ADDED from src\main\AndroidManifest.xml:35:9-53
application
ADDED from src\main\AndroidManifest.xml:38:5-75:19
INJECTED from src\main\AndroidManifest.xml:38:5-75:19
MERGED from [androidx.emoji2:emoji2:1.2.0] AndroidManifest.xml:23:5-33:19
MERGED from [androidx.emoji2:emoji2:1.2.0] AndroidManifest.xml:23:5-33:19
MERGED from [androidx.lifecycle:lifecycle-process:2.4.1] AndroidManifest.xml:25:5-35:19
MERGED from [androidx.lifecycle:lifecycle-process:2.4.1] AndroidManifest.xml:25:5-35:19
MERGED from [androidx.startup:startup-runtime:1.1.1] AndroidManifest.xml:25:5-31:19
MERGED from [androidx.startup:startup-runtime:1.1.1] AndroidManifest.xml:25:5-31:19
MERGED from [androidx.core:core:1.9.0] AndroidManifest.xml:28:5-89
MERGED from [androidx.core:core:1.9.0] AndroidManifest.xml:28:5-89
MERGED from [androidx.versionedparcelable:versionedparcelable:1.1.1] AndroidManifest.xml:24:5-25:19
MERGED from [androidx.versionedparcelable:versionedparcelable:1.1.1] AndroidManifest.xml:24:5-25:19
MERGED from [com.facebook.soloader:soloader:0.10.5] AndroidManifest.xml:11:5-15:19
MERGED from [com.facebook.soloader:soloader:0.10.5] AndroidManifest.xml:11:5-15:19
	android:extractNativeLibs
		INJECTED from src\main\AndroidManifest.xml
	android:appComponentFactory
		ADDED from [androidx.core:core:1.9.0] AndroidManifest.xml:28:18-86
	android:label
		ADDED from src\main\AndroidManifest.xml:40:9-41
	tools:targetApi
		ADDED from src\main\AndroidManifest.xml:45:9-29
	android:icon
		ADDED from src\main\AndroidManifest.xml:41:9-43
	android:allowBackup
		ADDED from src\main\AndroidManifest.xml:42:9-36
	android:theme
		ADDED from src\main\AndroidManifest.xml:43:9-40
	android:usesCleartextTraffic
		ADDED from src\main\AndroidManifest.xml:44:9-45
	android:name
		ADDED from src\main\AndroidManifest.xml:39:9-40
activity#com.ghostcommv2.MainActivity
ADDED from src\main\AndroidManifest.xml:48:9-59:20
	android:label
		ADDED from src\main\AndroidManifest.xml:50:13-45
	android:launchMode
		ADDED from src\main\AndroidManifest.xml:52:13-44
	android:windowSoftInputMode
		ADDED from src\main\AndroidManifest.xml:53:13-55
	android:exported
		ADDED from src\main\AndroidManifest.xml:54:13-36
	android:configChanges
		ADDED from src\main\AndroidManifest.xml:51:13-122
	android:name
		ADDED from src\main\AndroidManifest.xml:49:13-41
intent-filter#action:name:android.intent.action.MAIN+category:name:android.intent.category.LAUNCHER
ADDED from src\main\AndroidManifest.xml:55:13-58:29
action#android.intent.action.MAIN
ADDED from src\main\AndroidManifest.xml:56:17-69
	android:name
		ADDED from src\main\AndroidManifest.xml:56:25-66
category#android.intent.category.LAUNCHER
ADDED from src\main\AndroidManifest.xml:57:17-77
	android:name
		ADDED from src\main\AndroidManifest.xml:57:27-74
uses-sdk
INJECTED from src\main\AndroidManifest.xml reason: use-sdk injection requested
INJECTED from src\main\AndroidManifest.xml
INJECTED from src\main\AndroidManifest.xml
MERGED from [com.facebook.react:flipper-integration:0.73.0] AndroidManifest.xml:5:5-44
MERGED from [com.facebook.react:flipper-integration:0.73.0] AndroidManifest.xml:5:5-44
MERGED from [:react-native-async-storage_async-storage] AndroidManifest.xml:5:5-44
MERGED from [:react-native-async-storage_async-storage] AndroidManifest.xml:5:5-44
MERGED from [:react-native-ble-advertiser] AndroidManifest.xml:5:5-44
MERGED from [:react-native-ble-advertiser] AndroidManifest.xml:5:5-44
MERGED from [:react-native-ble-peripheral] AndroidManifest.xml:5:5-44
MERGED from [:react-native-ble-peripheral] AndroidManifest.xml:5:5-44
MERGED from [:react-native-ble-plx] AndroidManifest.xml:5:5-44
MERGED from [:react-native-ble-plx] AndroidManifest.xml:5:5-44
MERGED from [:react-native-get-random-values] AndroidManifest.xml:5:5-44
MERGED from [:react-native-get-random-values] AndroidManifest.xml:5:5-44
MERGED from [:react-native-vector-icons] AndroidManifest.xml:5:5-44
MERGED from [:react-native-vector-icons] AndroidManifest.xml:5:5-44
MERGED from [com.facebook.react:react-android:0.73.0] AndroidManifest.xml:10:5-44
MERGED from [com.facebook.react:react-android:0.73.0] AndroidManifest.xml:10:5-44
MERGED from [com.facebook.fresco:fresco:3.1.3] AndroidManifest.xml:5:5-44
MERGED from [com.facebook.fresco:fresco:3.1.3] AndroidManifest.xml:5:5-44
MERGED from [com.facebook.fresco:imagepipeline-okhttp3:3.1.3] AndroidManifest.xml:5:5-44
MERGED from [com.facebook.fresco:imagepipeline-okhttp3:3.1.3] AndroidManifest.xml:5:5-44
MERGED from [com.facebook.fresco:drawee:3.1.3] AndroidManifest.xml:5:5-44
MERGED from [com.facebook.fresco:drawee:3.1.3] AndroidManifest.xml:5:5-44
MERGED from [com.facebook.fresco:nativeimagefilters:3.1.3] AndroidManifest.xml:5:5-44
MERGED from [com.facebook.fresco:nativeimagefilters:3.1.3] AndroidManifest.xml:5:5-44
MERGED from [com.facebook.fresco:memory-type-native:3.1.3] AndroidManifest.xml:5:5-44
MERGED from [com.facebook.fresco:memory-type-native:3.1.3] AndroidManifest.xml:5:5-44
MERGED from [com.facebook.fresco:memory-type-java:3.1.3] AndroidManifest.xml:5:5-44
MERGED from [com.facebook.fresco:memory-type-java:3.1.3] AndroidManifest.xml:5:5-44
MERGED from [com.facebook.fresco:imagepipeline-native:3.1.3] AndroidManifest.xml:5:5-44
MERGED from [com.facebook.fresco:imagepipeline-native:3.1.3] AndroidManifest.xml:5:5-44
MERGED from [com.facebook.fresco:memory-type-ashmem:3.1.3] AndroidManifest.xml:5:5-44
MERGED from [com.facebook.fresco:memory-type-ashmem:3.1.3] AndroidManifest.xml:5:5-44
MERGED from [com.facebook.fresco:imagepipeline:3.1.3] AndroidManifest.xml:5:5-44
MERGED from [com.facebook.fresco:imagepipeline:3.1.3] AndroidManifest.xml:5:5-44
MERGED from [com.facebook.fresco:nativeimagetranscoder:3.1.3] AndroidManifest.xml:5:5-44
MERGED from [com.facebook.fresco:nativeimagetranscoder:3.1.3] AndroidManifest.xml:5:5-44
MERGED from [com.facebook.fresco:imagepipeline-base:3.1.3] AndroidManifest.xml:5:5-44
MERGED from [com.facebook.fresco:imagepipeline-base:3.1.3] AndroidManifest.xml:5:5-44
MERGED from [com.facebook.fresco:middleware:3.1.3] AndroidManifest.xml:5:5-44
MERGED from [com.facebook.fresco:middleware:3.1.3] AndroidManifest.xml:5:5-44
MERGED from [com.facebook.fresco:ui-common:3.1.3] AndroidManifest.xml:5:5-44
MERGED from [com.facebook.fresco:ui-common:3.1.3] AndroidManifest.xml:5:5-44
MERGED from [com.facebook.fresco:soloader:3.1.3] AndroidManifest.xml:5:5-44
MERGED from [com.facebook.fresco:soloader:3.1.3] AndroidManifest.xml:5:5-44
MERGED from [com.facebook.fresco:fbcore:3.1.3] AndroidManifest.xml:5:5-44
MERGED from [com.facebook.fresco:fbcore:3.1.3] AndroidManifest.xml:5:5-44
MERGED from [androidx.appcompat:appcompat-resources:1.6.1] AndroidManifest.xml:20:5-44
MERGED from [androidx.appcompat:appcompat-resources:1.6.1] AndroidManifest.xml:20:5-44
MERGED from [androidx.appcompat:appcompat:1.6.1] AndroidManifest.xml:20:5-44
MERGED from [androidx.appcompat:appcompat:1.6.1] AndroidManifest.xml:20:5-44
MERGED from [androidx.fragment:fragment:1.3.6] AndroidManifest.xml:20:5-22:41
MERGED from [androidx.fragment:fragment:1.3.6] AndroidManifest.xml:20:5-22:41
MERGED from [androidx.activity:activity:1.6.0] AndroidManifest.xml:20:5-44
MERGED from [androidx.activity:activity:1.6.0] AndroidManifest.xml:20:5-44
MERGED from [androidx.loader:loader:1.0.0] AndroidManifest.xml:20:5-44
MERGED from [androidx.loader:loader:1.0.0] AndroidManifest.xml:20:5-44
MERGED from [androidx.lifecycle:lifecycle-viewmodel:2.5.1] AndroidManifest.xml:20:5-22:41
MERGED from [androidx.lifecycle:lifecycle-viewmodel:2.5.1] AndroidManifest.xml:20:5-22:41
MERGED from [androidx.lifecycle:lifecycle-viewmodel-savedstate:2.5.1] AndroidManifest.xml:20:5-22:41
MERGED from [androidx.lifecycle:lifecycle-viewmodel-savedstate:2.5.1] AndroidManifest.xml:20:5-22:41
MERGED from [com.facebook.react:hermes-android:0.73.0] AndroidManifest.xml:5:5-44
MERGED from [com.facebook.react:hermes-android:0.73.0] AndroidManifest.xml:5:5-44
MERGED from [androidx.savedstate:savedstate:1.2.0] AndroidManifest.xml:20:5-22:41
MERGED from [androidx.savedstate:savedstate:1.2.0] AndroidManifest.xml:20:5-22:41
MERGED from [androidx.swiperefreshlayout:swiperefreshlayout:1.1.0] AndroidManifest.xml:20:5-22:41
MERGED from [androidx.swiperefreshlayout:swiperefreshlayout:1.1.0] AndroidManifest.xml:20:5-22:41
MERGED from [androidx.emoji2:emoji2-views-helper:1.2.0] AndroidManifest.xml:5:5-44
MERGED from [androidx.emoji2:emoji2-views-helper:1.2.0] AndroidManifest.xml:5:5-44
MERGED from [androidx.emoji2:emoji2:1.2.0] AndroidManifest.xml:21:5-44
MERGED from [androidx.emoji2:emoji2:1.2.0] AndroidManifest.xml:21:5-44
MERGED from [androidx.lifecycle:lifecycle-process:2.4.1] AndroidManifest.xml:21:5-23:41
MERGED from [androidx.lifecycle:lifecycle-process:2.4.1] AndroidManifest.xml:21:5-23:41
MERGED from [androidx.startup:startup-runtime:1.1.1] AndroidManifest.xml:21:5-23:41
MERGED from [androidx.startup:startup-runtime:1.1.1] AndroidManifest.xml:21:5-23:41
MERGED from [androidx.tracing:tracing:1.1.0] AndroidManifest.xml:20:5-22:41
MERGED from [androidx.tracing:tracing:1.1.0] AndroidManifest.xml:20:5-22:41
MERGED from [com.polidea.rxandroidble2:rxandroidble:1.17.2] AndroidManifest.xml:6:5-8:41
MERGED from [com.polidea.rxandroidble2:rxandroidble:1.17.2] AndroidManifest.xml:6:5-8:41
MERGED from [androidx.autofill:autofill:1.1.0] AndroidManifest.xml:20:5-22:41
MERGED from [androidx.autofill:autofill:1.1.0] AndroidManifest.xml:20:5-22:41
MERGED from [androidx.drawerlayout:drawerlayout:1.0.0] AndroidManifest.xml:20:5-44
MERGED from [androidx.drawerlayout:drawerlayout:1.0.0] AndroidManifest.xml:20:5-44
MERGED from [androidx.vectordrawable:vectordrawable-animated:1.1.0] AndroidManifest.xml:20:5-22:41
MERGED from [androidx.vectordrawable:vectordrawable-animated:1.1.0] AndroidManifest.xml:20:5-22:41
MERGED from [androidx.vectordrawable:vectordrawable:1.1.0] AndroidManifest.xml:20:5-22:41
MERGED from [androidx.vectordrawable:vectordrawable:1.1.0] AndroidManifest.xml:20:5-22:41
MERGED from [androidx.core:core-ktx:1.9.0] AndroidManifest.xml:5:5-44
MERGED from [androidx.core:core-ktx:1.9.0] AndroidManifest.xml:5:5-44
MERGED from [androidx.viewpager:viewpager:1.0.0] AndroidManifest.xml:20:5-44
MERGED from [androidx.viewpager:viewpager:1.0.0] AndroidManifest.xml:20:5-44
MERGED from [androidx.customview:customview:1.0.0] AndroidManifest.xml:20:5-44
MERGED from [androidx.customview:customview:1.0.0] AndroidManifest.xml:20:5-44
MERGED from [androidx.core:core:1.9.0] AndroidManifest.xml:20:5-44
MERGED from [androidx.core:core:1.9.0] AndroidManifest.xml:20:5-44
MERGED from [androidx.cursoradapter:cursoradapter:1.0.0] AndroidManifest.xml:20:5-44
MERGED from [androidx.cursoradapter:cursoradapter:1.0.0] AndroidManifest.xml:20:5-44
MERGED from [androidx.lifecycle:lifecycle-runtime:2.5.1] AndroidManifest.xml:20:5-22:41
MERGED from [androidx.lifecycle:lifecycle-runtime:2.5.1] AndroidManifest.xml:20:5-22:41
MERGED from [androidx.interpolator:interpolator:1.0.0] AndroidManifest.xml:20:5-44
MERGED from [androidx.interpolator:interpolator:1.0.0] AndroidManifest.xml:20:5-44
MERGED from [androidx.versionedparcelable:versionedparcelable:1.1.1] AndroidManifest.xml:20:5-22:41
MERGED from [androidx.versionedparcelable:versionedparcelable:1.1.1] AndroidManifest.xml:20:5-22:41
MERGED from [androidx.lifecycle:lifecycle-livedata:2.0.0] AndroidManifest.xml:20:5-44
MERGED from [androidx.lifecycle:lifecycle-livedata:2.0.0] AndroidManifest.xml:20:5-44
MERGED from [androidx.lifecycle:lifecycle-livedata-core:2.5.1] AndroidManifest.xml:20:5-22:41
MERGED from [androidx.lifecycle:lifecycle-livedata-core:2.5.1] AndroidManifest.xml:20:5-22:41
MERGED from [androidx.arch.core:core-runtime:2.1.0] AndroidManifest.xml:20:5-22:41
MERGED from [androidx.arch.core:core-runtime:2.1.0] AndroidManifest.xml:20:5-22:41
MERGED from [androidx.annotation:annotation-experimental:1.3.0] AndroidManifest.xml:20:5-44
MERGED from [androidx.annotation:annotation-experimental:1.3.0] AndroidManifest.xml:20:5-44
MERGED from [com.facebook.fbjni:fbjni:0.5.1] AndroidManifest.xml:5:5-44
MERGED from [com.facebook.fbjni:fbjni:0.5.1] AndroidManifest.xml:5:5-44
MERGED from [com.facebook.soloader:soloader:0.10.5] AndroidManifest.xml:7:5-9:41
MERGED from [com.facebook.soloader:soloader:0.10.5] AndroidManifest.xml:7:5-9:41
	android:targetSdkVersion
		INJECTED from src\main\AndroidManifest.xml
	android:minSdkVersion
		INJECTED from src\main\AndroidManifest.xml
provider#androidx.startup.InitializationProvider
ADDED from [androidx.emoji2:emoji2:1.2.0] AndroidManifest.xml:24:9-32:20
MERGED from [androidx.lifecycle:lifecycle-process:2.4.1] AndroidManifest.xml:26:9-34:20
MERGED from [androidx.lifecycle:lifecycle-process:2.4.1] AndroidManifest.xml:26:9-34:20
MERGED from [androidx.startup:startup-runtime:1.1.1] AndroidManifest.xml:26:9-30:34
MERGED from [androidx.startup:startup-runtime:1.1.1] AndroidManifest.xml:26:9-30:34
	tools:node
		ADDED from [androidx.emoji2:emoji2:1.2.0] AndroidManifest.xml:28:13-31
	android:authorities
		ADDED from [androidx.emoji2:emoji2:1.2.0] AndroidManifest.xml:26:13-68
	android:exported
		ADDED from [androidx.emoji2:emoji2:1.2.0] AndroidManifest.xml:27:13-37
	android:name
		ADDED from [androidx.emoji2:emoji2:1.2.0] AndroidManifest.xml:25:13-67
meta-data#androidx.emoji2.text.EmojiCompatInitializer
ADDED from [androidx.emoji2:emoji2:1.2.0] AndroidManifest.xml:29:13-31:52
	android:value
		ADDED from [androidx.emoji2:emoji2:1.2.0] AndroidManifest.xml:31:17-49
	android:name
		ADDED from [androidx.emoji2:emoji2:1.2.0] AndroidManifest.xml:30:17-75
meta-data#androidx.lifecycle.ProcessLifecycleInitializer
ADDED from [androidx.lifecycle:lifecycle-process:2.4.1] AndroidManifest.xml:31:13-33:52
	android:value
		ADDED from [androidx.lifecycle:lifecycle-process:2.4.1] AndroidManifest.xml:33:17-49
	android:name
		ADDED from [androidx.lifecycle:lifecycle-process:2.4.1] AndroidManifest.xml:32:17-78
uses-permission-sdk-23#android.permission.ACCESS_COARSE_LOCATION
ADDED from [com.polidea.rxandroidble2:rxandroidble:1.17.2] AndroidManifest.xml:18:5-88
	android:name
		ADDED from [com.polidea.rxandroidble2:rxandroidble:1.17.2] AndroidManifest.xml:18:29-85
uses-permission-sdk-23#android.permission.ACCESS_FINE_LOCATION
ADDED from [com.polidea.rxandroidble2:rxandroidble:1.17.2] AndroidManifest.xml:19:5-86
	android:name
		ADDED from [com.polidea.rxandroidble2:rxandroidble:1.17.2] AndroidManifest.xml:19:29-83
permission#${applicationId}.DYNAMIC_RECEIVER_NOT_EXPORTED_PERMISSION
ADDED from [androidx.core:core:1.9.0] AndroidManifest.xml:22:5-24:47
	android:protectionLevel
		ADDED from [androidx.core:core:1.9.0] AndroidManifest.xml:24:9-44
	android:name
		ADDED from [androidx.core:core:1.9.0] AndroidManifest.xml:23:9-81
permission#com.ghostcommv2.DYNAMIC_RECEIVER_NOT_EXPORTED_PERMISSION
ADDED from [androidx.core:core:1.9.0] AndroidManifest.xml:22:5-24:47
	android:protectionLevel
		ADDED from [androidx.core:core:1.9.0] AndroidManifest.xml:24:9-44
	android:name
		ADDED from [androidx.core:core:1.9.0] AndroidManifest.xml:23:9-81
uses-permission#${applicationId}.DYNAMIC_RECEIVER_NOT_EXPORTED_PERMISSION
ADDED from [androidx.core:core:1.9.0] AndroidManifest.xml:26:5-97
	android:name
		ADDED from [androidx.core:core:1.9.0] AndroidManifest.xml:26:22-94
uses-permission#com.ghostcommv2.DYNAMIC_RECEIVER_NOT_EXPORTED_PERMISSION
ADDED from [androidx.core:core:1.9.0] AndroidManifest.xml:26:5-97
	android:name
		ADDED from [androidx.core:core:1.9.0] AndroidManifest.xml:26:22-94
meta-data#com.facebook.soloader.enabled
ADDED from [com.facebook.soloader:soloader:0.10.5] AndroidManifest.xml:12:9-14:37
	android:value
		ADDED from [com.facebook.soloader:soloader:0.10.5] AndroidManifest.xml:14:13-34
	android:name
		ADDED from [com.facebook.soloader:soloader:0.10.5] AndroidManifest.xml:13:13-57